# JRE version: Java(TM) SE Runtime Environment (8.0_251-b08) (build 1.8.0_251-b08)
# Java VM: Java HotSpot(TM) 64-Bit Server VM (25.251-b08 mixed mode windows-amd64 compressed oops)
Heap:
 PSYoungGen      total 238080K, used 16818K [0x00000000d5d80000, 0x00000000e4f80000, 0x0000000100000000)
  eden space 228352K, 7% used [0x00000000d5d80000,0x00000000d6dec8c8,0x00000000e3c80000)
  from space 9728K, 0% used [0x00000000e4600000,0x00000000e4600000,0x00000000e4f80000)
  to   space 9728K, 0% used [0x00000000e3c80000,0x00000000e3c80000,0x00000000e4600000)
 ParOldGen       total 52224K, used 22842K [0x0000000081800000, 0x0000000084b00000, 0x00000000d5d80000)
  object space 52224K, 43% used [0x0000000081800000,0x0000000082e4e828,0x0000000084b00000)
 Metaspace       used 48943K, capacity 51544K, committed 51840K, reserved 1095680K
  class space    used 6810K, capacity 7295K, committed 7296K, reserved 1048576K
GC Heap History (10 events):
Event: 16.985 GC heap before
{Heap before GC invocations=11 (full 1):
 PSYoungGen      total 238080K, used 161000K [0x00000000d5d80000, 0x00000000e4f80000, 0x0000000100000000)
  eden space 228352K, 66% used [0x00000000d5d80000,0x00000000df13fb40,0x00000000e3c80000)
  from space 9728K, 99% used [0x00000000e3c80000,0x00000000e45fa6f8,0x00000000e4600000)
  to   space 9728K, 0% used [0x00000000e4600000,0x00000000e4600000,0x00000000e4f80000)
 ParOldGen       total 52224K, used 8474K [0x0000000081800000, 0x0000000084b00000, 0x00000000d5d80000)
  object space 52224K, 16% used [0x0000000081800000,0x0000000082046ac8,0x0000000084b00000)
 Metaspace       used 33446K, capacity 35338K, committed 35456K, reserved 1079296K
  class space    used 4524K, capacity 4920K, committed 4992K, reserved 1048576K
Event: 17.006 GC heap after
Heap after GC invocations=11 (full 1):
 PSYoungGen      total 238080K, used 9702K [0x00000000d5d80000, 0x00000000e4f80000, 0x0000000100000000)
  eden space 228352K, 0% used [0x00000000d5d80000,0x00000000d5d80000,0x00000000e3c80000)
  from space 9728K, 99% used [0x00000000e4600000,0x00000000e4f79850,0x00000000e4f80000)
  to   space 9728K, 0% used [0x00000000e3c80000,0x00000000e3c80000,0x00000000e4600000)
 ParOldGen       total 52224K, used 10800K [0x0000000081800000, 0x0000000084b00000, 0x00000000d5d80000)
  object space 52224K, 20% used [0x0000000081800000,0x000000008228c2d8,0x0000000084b00000)
 Metaspace       used 33446K, capacity 35338K, committed 35456K, reserved 1079296K
  class space    used 4524K, capacity 4920K, committed 4992K, reserved 1048576K
}
Event: 17.006 GC heap before
{Heap before GC invocations=12 (full 2):
 PSYoungGen      total 238080K, used 9702K [0x00000000d5d80000, 0x00000000e4f80000, 0x0000000100000000)
  eden space 228352K, 0% used [0x00000000d5d80000,0x00000000d5d80000,0x00000000e3c80000)
  from space 9728K, 99% used [0x00000000e4600000,0x00000000e4f79850,0x00000000e4f80000)
  to   space 9728K, 0% used [0x00000000e3c80000,0x00000000e3c80000,0x00000000e4600000)
 ParOldGen       total 52224K, used 10800K [0x0000000081800000, 0x0000000084b00000, 0x00000000d5d80000)
  object space 52224K, 20% used [0x0000000081800000,0x000000008228c2d8,0x0000000084b00000)
 Metaspace       used 33446K, capacity 35338K, committed 35456K, reserved 1079296K
  class space    used 4524K, capacity 4920K, committed 4992K, reserved 1048576K
Event: 17.115 GC heap after
Heap after GC invocations=12 (full 2):
 PSYoungGen      total 238080K, used 0K [0x00000000d5d80000, 0x00000000e4f80000, 0x0000000100000000)
  eden space 228352K, 0% used [0x00000000d5d80000,0x00000000d5d80000,0x00000000e3c80000)
  from space 9728K, 0% used [0x00000000e4600000,0x00000000e4600000,0x00000000e4f80000)
  to   space 9728K, 0% used [0x00000000e3c80000,0x00000000e3c80000,0x00000000e4600000)
 ParOldGen       total 52224K, used 16819K [0x0000000081800000, 0x0000000084b00000, 0x00000000d5d80000)
  object space 52224K, 32% used [0x0000000081800000,0x000000008286cf28,0x0000000084b00000)
 Metaspace       used 33446K, capacity 35338K, committed 35456K, reserved 1079296K
  class space    used 4524K, capacity 4920K, committed 4992K, reserved 1048576K
}
Event: 19.954 GC heap before
{Heap before GC invocations=13 (full 2):
 PSYoungGen      total 238080K, used 228352K [0x00000000d5d80000, 0x00000000e4f80000, 0x0000000100000000)
  eden space 228352K, 100% used [0x00000000d5d80000,0x00000000e3c80000,0x00000000e3c80000)
  from space 9728K, 0% used [0x00000000e4600000,0x00000000e4600000,0x00000000e4f80000)
  to   space 9728K, 0% used [0x00000000e3c80000,0x00000000e3c80000,0x00000000e4600000)
 ParOldGen       total 52224K, used 16819K [0x0000000081800000, 0x0000000084b00000, 0x00000000d5d80000)
  object space 52224K, 32% used [0x0000000081800000,0x000000008286cf28,0x0000000084b00000)
 Metaspace       used 48068K, capacity 50600K, committed 50688K, reserved 1093632K
  class space    used 6672K, capacity 7155K, committed 7168K, reserved 1048576K
Event: 19.984 GC heap after
Heap after GC invocations=13 (full 2):
 PSYoungGen      total 238080K, used 9699K [0x00000000d5d80000, 0x00000000e4f80000, 0x0000000100000000)
  eden space 228352K, 0% used [0x00000000d5d80000,0x00000000d5d80000,0x00000000e3c80000)
  from space 9728K, 99% used [0x00000000e3c80000,0x00000000e45f8c00,0x00000000e4600000)
  to   space 9728K, 0% used [0x00000000e4600000,0x00000000e4600000,0x00000000e4f80000)
 ParOldGen       total 52224K, used 29354K [0x0000000081800000, 0x0000000084b00000, 0x00000000d5d80000)
  object space 52224K, 56% used [0x0000000081800000,0x00000000834aaaa0,0x0000000084b00000)
 Metaspace       used 48068K, capacity 50600K, committed 50688K, reserved 1093632K
  class space    used 6672K, capacity 7155K, committed 7168K, reserved 1048576K
}
Event: 20.022 GC heap before
{Heap before GC invocations=14 (full 2):
 PSYoungGen      total 238080K, used 18392K [0x00000000d5d80000, 0x00000000e4f80000, 0x0000000100000000)
  eden space 228352K, 3% used [0x00000000d5d80000,0x00000000d65fd418,0x00000000e3c80000)
  from space 9728K, 99% used [0x00000000e3c80000,0x00000000e45f8c00,0x00000000e4600000)
  to   space 9728K, 0% used [0x00000000e4600000,0x00000000e4600000,0x00000000e4f80000)
 ParOldGen       total 52224K, used 29354K [0x0000000081800000, 0x0000000084b00000, 0x00000000d5d80000)
  object space 52224K, 56% used [0x0000000081800000,0x00000000834aaaa0,0x0000000084b00000)
 Metaspace       used 48139K, capacity 50612K, committed 50688K, reserved 1097728K
  class space    used 6681K, capacity 7157K, committed 7168K, reserved 1048576K
Event: 20.053 GC heap after
Heap after GC invocations=14 (full 2):
 PSYoungGen      total 238080K, used 149K [0x00000000d5d80000, 0x00000000e4f80000, 0x0000000100000000)
  eden space 228352K, 0% used [0x00000000d5d80000,0x00000000d5d80000,0x00000000e3c80000)
  from space 9728K, 1% used [0x00000000e4600000,0x00000000e46256e0,0x00000000e4f80000)
  to   space 9728K, 0% used [0x00000000e3c80000,0x00000000e3c80000,0x00000000e4600000)
 ParOldGen       total 52224K, used 38894K [0x0000000081800000, 0x0000000084b00000, 0x00000000d5d80000)
  object space 52224K, 74% used [0x0000000081800000,0x0000000083dfb990,0x0000000084b00000)
 Metaspace       used 48139K, capacity 50612K, committed 50688K, reserved 1097728K
  class space    used 6681K, capacity 7157K, committed 7168K, reserved 1048576K
}
Event: 20.053 GC heap before
{Heap before GC invocations=15 (full 3):
 PSYoungGen      total 238080K, used 149K [0x00000000d5d80000, 0x00000000e4f80000, 0x0000000100000000)
  eden space 228352K, 0% used [0x00000000d5d80000,0x00000000d5d80000,0x00000000e3c80000)
  from space 9728K, 1% used [0x00000000e4600000,0x00000000e46256e0,0x00000000e4f80000)
  to   space 9728K, 0% used [0x00000000e3c80000,0x00000000e3c80000,0x00000000e4600000)
 ParOldGen       total 52224K, used 38894K [0x0000000081800000, 0x0000000084b00000, 0x00000000d5d80000)
  object space 52224K, 74% used [0x0000000081800000,0x0000000083dfb990,0x0000000084b00000)
 Metaspace       used 48139K, capacity 50612K, committed 50688K, reserved 1097728K
  class space    used 6681K, capacity 7157K, committed 7168K, reserved 1048576K
Event: 20.415 GC heap after
Heap after GC invocations=15 (full 3):
 PSYoungGen      total 238080K, used 0K [0x00000000d5d80000, 0x00000000e4f80000, 0x0000000100000000)
  eden space 228352K, 0% used [0x00000000d5d80000,0x00000000d5d80000,0x00000000e3c80000)
  from space 9728K, 0% used [0x00000000e4600000,0x00000000e4600000,0x00000000e4f80000)
  to   space 9728K, 0% used [0x00000000e3c80000,0x00000000e3c80000,0x00000000e4600000)
 ParOldGen       total 52224K, used 22842K [0x0000000081800000, 0x0000000084b00000, 0x00000000d5d80000)
  object space 52224K, 43% used [0x0000000081800000,0x0000000082e4e828,0x0000000084b00000)
 Metaspace       used 48136K, capacity 50606K, committed 50688K, reserved 1095680K
  class space    used 6681K, capacity 7156K, committed 7168K, reserved 1048576K
}

